<?xml version="1.0" encoding="UTF-8"?>
<Site BuildName="Linux-g++"
	BuildStamp="20250916-1512-Experimental"
	Name="bohr"
	Generator="ctest-3.28.3"
	CompilerName="/usr/bin/g++"
	CompilerVersion="13.3.0"
	OSName="Linux"
	Hostname="bohr"
	OSRelease="6.11.0-1027-oem"
	OSVersion="#27-Ubuntu SMP PREEMPT_DYNAMIC Tue Jul 22 06:12:35 UTC 2025"
	OSPlatform="x86_64"
	Is64Bits="1"
	VendorString="GenuineIntel"
	VendorID="Intel Corporation"
	FamilyID="6"
	ModelID="198"
	ProcessorCacheSize="30720"
	NumberOfLogicalCPU="20"
	NumberOfPhysicalCPU="20"
	TotalVirtualMemory="8191"
	TotalPhysicalMemory="31540"
	LogicalProcessorsPerPhysical="1"
	ProcessorClockFrequency="4538.26"
	>
	<Testing>
		<StartDateTime>Sep 16 11:13 EDT</StartDateTime>
		<StartTestTime>1758035588</StartTestTime>
		<TestList/>
		<EndDateTime>Sep 16 11:13 EDT</EndDateTime>
		<EndTestTime>1758035588</EndTestTime>
		<ElapsedMinutes>0</ElapsedMinutes>
	</Testing>
</Site>
